[2025-07-24 17:30:25][main] Form submission started
[2025-07-24 17:30:25][main] Form data received - Name: sxsc, Email: primrosepavithra@gmail.com
[2025-07-24 17:30:26][{closure}()] PHPMailer (2): SERVER -> CLIENT: 220 smtp.mailtrap.io ESMTP ready

[2025-07-24 17:30:26][{closure}()] PHPMailer (1): CLIENT -> SERVER: EHLO localhost

[2025-07-24 17:30:26][{closure}()] PHPMailer (2): SERVER -> CLIENT: 250-smtp.mailtrap.io
250-SIZE 5242880
250-PIPELINING
250-ENHANCEDSTATUSCODES
250-8BITMIME
250-DSN
250-AUTH PLAIN LOGIN CRAM-MD5
250 STARTTLS

[2025-07-24 17:30:26][{closure}()] PHPMailer (1): CLIENT -> SERVER: STARTTLS

[2025-07-24 17:30:27][{closure}()] PHPMailer (2): SERVER -> CLIENT: 220 2.0.0 Start TLS

[2025-07-24 17:30:27][{closure}()] PHPMailer (1): CLIENT -> SERVER: EHLO localhost

[2025-07-24 17:30:28][{closure}()] PHPMailer (2): SERVER -> CLIENT: 250-smtp.mailtrap.io
250-SIZE 5242880
250-PIPELINING
250-ENHANCEDSTATUSCODES
250-8BITMIME
250-DSN
250 AUTH PLAIN LOGIN CRAM-MD5

[2025-07-24 17:30:28][{closure}()] PHPMailer (1): CLIENT -> SERVER: AUTH CRAM-MD5

[2025-07-24 17:30:28][{closure}()] PHPMailer (2): SERVER -> CLIENT: 334 PDEwNjE0MTczMTcuMTc1MzM3MTAyOEBzbXRwLm1haWx0cmFwLmlvPg==

[2025-07-24 17:30:28][{closure}()] PHPMailer (1): CLIENT -> SERVER: [credentials hidden]
[2025-07-24 17:30:29][{closure}()] PHPMailer (2): SERVER -> CLIENT: 535 5.7.0 Invalid credentials

[2025-07-24 17:30:29][{closure}()] PHPMailer (1): SMTP ERROR: Username command failed: 535 5.7.0 Invalid credentials

[2025-07-24 17:30:29][{closure}()] PHPMailer (2): SMTP Error: Could not authenticate.
[2025-07-24 17:30:29][{closure}()] PHPMailer (1): CLIENT -> SERVER: QUIT

[2025-07-24 17:30:29][{closure}()] PHPMailer (2): SERVER -> CLIENT: 
[2025-07-24 17:30:29][{closure}()] PHPMailer (1): SMTP ERROR: QUIT command failed: 
[2025-07-24 17:30:29][{closure}()] PHPMailer (2): SMTP Error: Could not authenticate.
[2025-07-24 17:30:29][main] Mailer Error: SMTP Error: Could not authenticate.
[2025-07-24 17:31:24][main] Form submission started
[2025-07-24 17:31:24][main] Form data received - Name: Appliances Sales  Repairs, Email: primrosepavithra@gmail.com
[2025-07-24 17:31:25][{closure}()] PHPMailer (2): SERVER -> CLIENT: 220 smtp.mailtrap.io ESMTP ready

[2025-07-24 17:31:25][{closure}()] PHPMailer (1): CLIENT -> SERVER: EHLO localhost

[2025-07-24 17:31:25][{closure}()] PHPMailer (2): SERVER -> CLIENT: 250-smtp.mailtrap.io
250-SIZE 5242880
250-PIPELINING
250-ENHANCEDSTATUSCODES
250-8BITMIME
250-DSN
250-AUTH PLAIN LOGIN CRAM-MD5
250 STARTTLS

[2025-07-24 17:31:25][{closure}()] PHPMailer (1): CLIENT -> SERVER: STARTTLS

[2025-07-24 17:31:26][{closure}()] PHPMailer (2): SERVER -> CLIENT: 220 2.0.0 Start TLS

[2025-07-24 17:31:26][{closure}()] PHPMailer (1): CLIENT -> SERVER: EHLO localhost

[2025-07-24 17:31:27][{closure}()] PHPMailer (2): SERVER -> CLIENT: 250-smtp.mailtrap.io
250-SIZE 5242880
250-PIPELINING
250-ENHANCEDSTATUSCODES
250-8BITMIME
250-DSN
250 AUTH PLAIN LOGIN CRAM-MD5

[2025-07-24 17:31:27][{closure}()] PHPMailer (1): CLIENT -> SERVER: AUTH CRAM-MD5

[2025-07-24 17:31:27][{closure}()] PHPMailer (2): SERVER -> CLIENT: 334 PDEwNDExMTEyNzEuMTc1MzM3MTA4N0BzbXRwLm1haWx0cmFwLmlvPg==

[2025-07-24 17:31:27][{closure}()] PHPMailer (1): CLIENT -> SERVER: [credentials hidden]
[2025-07-24 17:31:28][{closure}()] PHPMailer (2): SERVER -> CLIENT: 535 5.7.0 Invalid credentials

[2025-07-24 17:31:28][{closure}()] PHPMailer (1): SMTP ERROR: Username command failed: 535 5.7.0 Invalid credentials

[2025-07-24 17:31:28][{closure}()] PHPMailer (2): SMTP Error: Could not authenticate.
[2025-07-24 17:31:28][{closure}()] PHPMailer (1): CLIENT -> SERVER: QUIT

[2025-07-24 17:31:28][{closure}()] PHPMailer (2): SERVER -> CLIENT: 
[2025-07-24 17:31:28][{closure}()] PHPMailer (1): SMTP ERROR: QUIT command failed: 
[2025-07-24 17:31:28][{closure}()] PHPMailer (2): SMTP Error: Could not authenticate.
[2025-07-24 17:31:28][main] Mailer Error: SMTP Error: Could not authenticate.
[2025-07-24 17:36:08] Form submission started
[2025-07-24 17:36:08] Form data received - Name: Appliances Sales  Repairs, Email: primrosepavithra@gmail.com
[2025-07-24 17:36:10] Error: Failed to send email
